<?xml version="1.0" encoding="UTF-8"?>
<!-- Generated by org.testng.reporters.JUnitXMLReporter -->
<testsuite ignored="0" hostname="TAPAN-PC" failures="0" tests="4" name="Default test" time="34.707" errors="0" timestamp="2021-10-13T20:30:56 EDT">
  <testcase classname="tests.LoginTest" name="loginWithWrongEmailPasswordTest" time="2.618"/>
  <testcase classname="tests.LoginTest" name="loginWithEmptyEmailTest" time="2.423"/>
  <testcase classname="tests.LoginTest" name="loginWithEmptyPasswordTest" time="2.476"/>
  <testcase classname="tests.LoginTest" name="loginWithInvalidEmailTest" time="2.551"/>
</testsuite> <!-- Default test -->
