<?xml version="1.0" encoding="UTF-8"?>
<!-- Generated by org.testng.reporters.JUnitXMLReporter -->
<testsuite ignored="0" hostname="TAPAN-PC" failures="0" tests="4" name="Test" time="35.033" errors="0" timestamp="14 Oct. 2021 00:35:38 GMT">
  <testcase classname="tests.LoginTest" name="loginWithWrongEmailPasswordTest" time="2.622"/>
  <testcase classname="tests.LoginTest" name="loginWithEmptyEmailTest" time="2.42"/>
  <testcase classname="tests.LoginTest" name="loginWithEmptyPasswordTest" time="2.485"/>
  <testcase classname="tests.LoginTest" name="loginWithInvalidEmailTest" time="2.49"/>
</testsuite> <!-- Test -->
