<?xml version="1.0" encoding="UTF-8"?>
<testng-results ignored="0" total="4" passed="4" failed="0" skipped="0">
  <reporter-output>
  </reporter-output>
  <suite started-at="2021-10-14T00:35:03Z" name="Suite" finished-at="2021-10-14T00:35:38Z" duration-ms="35033">
    <groups>
    </groups>
    <test started-at="2021-10-14T00:35:03Z" name="Test" finished-at="2021-10-14T00:35:38Z" duration-ms="35033">
      <class name="tests.LoginTest">
        <test-method is-config="true" signature="beforeMethod()[pri:0, instance:tests.LoginTest@1b6e1eff]" started-at="2021-10-14T00:35:03Z" name="beforeMethod" finished-at="2021-10-14T00:35:09Z" duration-ms="6067" status="PASS">
          <reporter-output>
          </reporter-output>
        </test-method> <!-- beforeMethod -->
        <test-method signature="loginWithWrongEmailPasswordTest()[pri:1, instance:tests.LoginTest@1b6e1eff]" started-at="2021-10-14T00:35:09Z" name="loginWithWrongEmailPasswordTest" finished-at="2021-10-14T00:35:12Z" duration-ms="2622" status="PASS">
          <reporter-output>
          </reporter-output>
        </test-method> <!-- loginWithWrongEmailPasswordTest -->
        <test-method is-config="true" signature="afterMethod()[pri:0, instance:tests.LoginTest@1b6e1eff]" started-at="2021-10-14T00:35:12Z" name="afterMethod" finished-at="2021-10-14T00:35:12Z" duration-ms="725" status="PASS">
          <reporter-output>
          </reporter-output>
        </test-method> <!-- afterMethod -->
        <test-method is-config="true" signature="beforeMethod()[pri:0, instance:tests.LoginTest@1b6e1eff]" started-at="2021-10-14T00:35:12Z" name="beforeMethod" finished-at="2021-10-14T00:35:18Z" duration-ms="5735" status="PASS">
          <reporter-output>
          </reporter-output>
        </test-method> <!-- beforeMethod -->
        <test-method signature="loginWithEmptyEmailTest()[pri:2, instance:tests.LoginTest@1b6e1eff]" started-at="2021-10-14T00:35:18Z" name="loginWithEmptyEmailTest" finished-at="2021-10-14T00:35:21Z" duration-ms="2420" status="PASS">
          <reporter-output>
          </reporter-output>
        </test-method> <!-- loginWithEmptyEmailTest -->
        <test-method is-config="true" signature="afterMethod()[pri:0, instance:tests.LoginTest@1b6e1eff]" started-at="2021-10-14T00:35:21Z" name="afterMethod" finished-at="2021-10-14T00:35:21Z" duration-ms="724" status="PASS">
          <reporter-output>
          </reporter-output>
        </test-method> <!-- afterMethod -->
        <test-method is-config="true" signature="beforeMethod()[pri:0, instance:tests.LoginTest@1b6e1eff]" started-at="2021-10-14T00:35:21Z" name="beforeMethod" finished-at="2021-10-14T00:35:27Z" duration-ms="5360" status="PASS">
          <reporter-output>
          </reporter-output>
        </test-method> <!-- beforeMethod -->
        <test-method signature="loginWithEmptyPasswordTest()[pri:3, instance:tests.LoginTest@1b6e1eff]" started-at="2021-10-14T00:35:27Z" name="loginWithEmptyPasswordTest" finished-at="2021-10-14T00:35:29Z" duration-ms="2485" status="PASS">
          <reporter-output>
          </reporter-output>
        </test-method> <!-- loginWithEmptyPasswordTest -->
        <test-method is-config="true" signature="afterMethod()[pri:0, instance:tests.LoginTest@1b6e1eff]" started-at="2021-10-14T00:35:29Z" name="afterMethod" finished-at="2021-10-14T00:35:30Z" duration-ms="731" status="PASS">
          <reporter-output>
          </reporter-output>
        </test-method> <!-- afterMethod -->
        <test-method is-config="true" signature="beforeMethod()[pri:0, instance:tests.LoginTest@1b6e1eff]" started-at="2021-10-14T00:35:30Z" name="beforeMethod" finished-at="2021-10-14T00:35:35Z" duration-ms="4927" status="PASS">
          <reporter-output>
          </reporter-output>
        </test-method> <!-- beforeMethod -->
        <test-method signature="loginWithInvalidEmailTest()[pri:4, instance:tests.LoginTest@1b6e1eff]" started-at="2021-10-14T00:35:35Z" name="loginWithInvalidEmailTest" finished-at="2021-10-14T00:35:37Z" duration-ms="2490" status="PASS">
          <reporter-output>
          </reporter-output>
        </test-method> <!-- loginWithInvalidEmailTest -->
        <test-method is-config="true" signature="afterMethod()[pri:0, instance:tests.LoginTest@1b6e1eff]" started-at="2021-10-14T00:35:37Z" name="afterMethod" finished-at="2021-10-14T00:35:38Z" duration-ms="724" status="PASS">
          <reporter-output>
          </reporter-output>
        </test-method> <!-- afterMethod -->
      </class> <!-- tests.LoginTest -->
    </test> <!-- Test -->
  </suite> <!-- Suite -->
</testng-results>
